[CHB ][27-Aug-2015] [(1) Angela_Wang_08-27-2015_15-40-28.csv] [] Record(s) added successfully  <?xml version='1.0' encoding='utf-8'?><Contacts><row no='1'><FL val='Qualification'><![CDATA[C3]]></FL><FL val='Industry'><![CDATA[Coal]]></FL><FL val='Mailing Country'><![CDATA[Canada]]></FL><FL val='Email'><![CDATA[123@fake.com]]></FL><FL val='Secondary Email'><![CDATA[]]></FL><FL val='First Name'><![CDATA[evonne]]></FL><FL val='Last Name'><![CDATA[li]]></FL><FL val='Company name'><![CDATA[AsiaInspection]]></FL><FL val='Description'><![CDATA[Talked to at show]]></FL><FL val='Title'><![CDATA[WebDev]]></FL><FL val='Phone'><![CDATA[12345678]]></FL><FL val='Mailing Mailing Country'><![CDATA[China]]></FL><FL val='Email Opt Out'><![CDATA[Yes]]></FL><FL val='Skype ID'><![CDATA[evonne.li]]></FL><FL val='Salutation'><![CDATA[Mr.]]></FL><FL val='Mailing Street'><![CDATA[123 Street]]></FL><FL val='Mailing City'><![CDATA[Shenzhen]]></FL><FL val='Mailing State'><![CDATA[CA]]></FL><FL val='Mailing Zip'><![CDATA[123654]]></FL><FL val='Language'><![CDATA[]]></FL><FL val='SMOWNERID'><![CDATA[703224000000053001]]></FL><FL val='Lead Source'><![CDATA[Tradeshow]]></FL><FL val='TradeShows List'><![CDATA[2015 - 01 - Promogift]]></FL></row></Contacts>
[CHB ][27-Aug-2015] ---END OF File [Angela_Wang_08-27-2015_15-40-28.csv] ---
[CHB ][27-Aug-2015] [(1) Angela_Wang_08-27-2015_15-40-28.csv] [] Record(s) added successfully  <?xml version='1.0' encoding='utf-8'?><Contacts><row no='1'><FL val='Qualification'><![CDATA[C3]]></FL><FL val='Industry'><![CDATA[Coal]]></FL><FL val='Mailing Country'><![CDATA[Canada]]></FL><FL val='Email'><![CDATA[123@fake.com]]></FL><FL val='Secondary Email'><![CDATA[]]></FL><FL val='First Name'><![CDATA[evonne]]></FL><FL val='Last Name'><![CDATA[li]]></FL><FL val='Company name'><![CDATA[AsiaInspection]]></FL><FL val='Description'><![CDATA[Talked to at show]]></FL><FL val='Title'><![CDATA[WebDev]]></FL><FL val='Phone'><![CDATA[12345678]]></FL><FL val='Mailing Mailing Country'><![CDATA[China]]></FL><FL val='Email Opt Out'><![CDATA[Yes]]></FL><FL val='Skype ID'><![CDATA[evonne.li]]></FL><FL val='Salutation'><![CDATA[Mr.]]></FL><FL val='Mailing Street'><![CDATA[123 Street]]></FL><FL val='Mailing City'><![CDATA[Shenzhen]]></FL><FL val='Mailing State'><![CDATA[CA]]></FL><FL val='Mailing Zip'><![CDATA[123654]]></FL><FL val='Language'><![CDATA[]]></FL><FL val='SMOWNERID'><![CDATA[703224000000053001]]></FL><FL val='Lead Source'><![CDATA[Tradeshow]]></FL><FL val='TradeShows List'><![CDATA[2015 - 01 - Promogift]]></FL></row></Contacts>
[CHB ][27-Aug-2015] ---END OF File [Angela_Wang_08-27-2015_15-40-28.csv] ---
[CHB ][27-Aug-2015] [(1) Angela_Wang_08-27-2015_15-40-28.csv] [] Record(s) added successfully  <?xml version='1.0' encoding='utf-8'?><Contacts><row no='1'><FL val='Qualification'><![CDATA[C3]]></FL><FL val='Industry'><![CDATA[Coal]]></FL><FL val='Mailing Country'><![CDATA[Canada]]></FL><FL val='Email'><![CDATA[123@fake.com]]></FL><FL val='Secondary Email'><![CDATA[]]></FL><FL val='First Name'><![CDATA[evonne]]></FL><FL val='Last Name'><![CDATA[li]]></FL><FL val='Company name'><![CDATA[AsiaInspection]]></FL><FL val='Description'><![CDATA[Talked to at show]]></FL><FL val='Title'><![CDATA[WebDev]]></FL><FL val='Phone'><![CDATA[12345678]]></FL><FL val='Mailing Mailing Country'><![CDATA[China]]></FL><FL val='Email Opt Out'><![CDATA[Yes]]></FL><FL val='Skype ID'><![CDATA[evonne.li]]></FL><FL val='Salutation'><![CDATA[Mr.]]></FL><FL val='Mailing Street'><![CDATA[123 Street]]></FL><FL val='Mailing City'><![CDATA[Shenzhen]]></FL><FL val='Mailing State'><![CDATA[CA]]></FL><FL val='Mailing Zip'><![CDATA[123654]]></FL><FL val='Language'><![CDATA[]]></FL><FL val='SMOWNERID'><![CDATA[703224000000053001]]></FL><FL val='Lead Source'><![CDATA[Tradeshow]]></FL><FL val='TradeShows List'><![CDATA[2015 - 01 - Promogift]]></FL></row></Contacts>
[CHB ][27-Aug-2015] ---END OF File [Angela_Wang_08-27-2015_15-40-28.csv] ---
[CHB ][01-Sep-2015] [(1) Angela_Wang_08-27-2015_15-40-28.csv] [] Record(s) added successfully  <?xml version='1.0' encoding='utf-8'?><Contacts><row no='1'><FL val='Qualification'><![CDATA[C3]]></FL><FL val='Industry'><![CDATA[Coal]]></FL><FL val='Mailing Country'><![CDATA[Canada]]></FL><FL val='Email'><![CDATA[123@fake.com]]></FL><FL val='Secondary Email'><![CDATA[]]></FL><FL val='First Name'><![CDATA[evonne]]></FL><FL val='Last Name'><![CDATA[li]]></FL><FL val='Company name'><![CDATA[AsiaInspection]]></FL><FL val='Description'><![CDATA[Talked to at show]]></FL><FL val='Title'><![CDATA[WebDev]]></FL><FL val='Phone'><![CDATA[12345678]]></FL><FL val='Mailing Mailing Country'><![CDATA[China]]></FL><FL val='Email Opt Out'><![CDATA[Yes]]></FL><FL val='Skype ID'><![CDATA[evonne.li]]></FL><FL val='Salutation'><![CDATA[Mr.]]></FL><FL val='Mailing Street'><![CDATA[123 Street]]></FL><FL val='Mailing City'><![CDATA[Shenzhen]]></FL><FL val='Mailing State'><![CDATA[CA]]></FL><FL val='Mailing Zip'><![CDATA[123654]]></FL><FL val='Language'><![CDATA[]]></FL><FL val='SMOWNERID'><![CDATA[703224000000053001]]></FL><FL val='Lead Source'><![CDATA[Tradeshow]]></FL><FL val='TradeShows List'><![CDATA[2015 - 01 - Promogift]]></FL></row></Contacts>
[CHB ][01-Sep-2015] ---END OF File [Angela_Wang_08-27-2015_15-40-28.csv]


 ---
[CHB ][07-Sep-2015] ---END OF File [Benjamin_Chen_09-07-2015_18-03-29.csv]


 ---
[CHB ][07-Sep-2015] [(2) Benjamin_Chen_09-07-2015_18-03-29.csv] [] Unable to process your request. Please verify if the name and value is appropriate for the "xmlData" parameter.  <?xml version='1.0' encoding='utf-8'?><row no='1'><FL val='Qualification'><![CDATA[C3]]></FL><FL val='Industry'><![CDATA[Coal]]></FL><FL val='Mailing Mailing Country'><![CDATA[Canada]]></FL><FL val='Email'><![CDATA[123@fake.com]]></FL><FL val='Secondary Email'><![CDATA[]]></FL><FL val='First Name'><![CDATA[evonne]]></FL><FL val='Last Name'><![CDATA[li]]></FL><FL val='Company name'><![CDATA[AsiaInspection]]></FL><FL val='Description'><![CDATA[Talked to at show]]></FL><FL val='Title'><![CDATA[WebDev]]></FL><FL val='Phone'><![CDATA[12345678]]></FL><FL val='Mailing Mailing Country'><![CDATA[China]]></FL><FL val='Email Opt Out'><![CDATA[Yes]]></FL><FL val='Skype ID'><![CDATA[evonne.li]]></FL><FL val='Salutation'><![CDATA[Mr.]]></FL><FL val='Mailing Street'><![CDATA[123 Street]]></FL><FL val='Mailing City'><![CDATA[Shenzhen]]></FL><FL val='Mailing State'><![CDATA[CA]]></FL><FL val='Mailing Zip'><![CDATA[123654]]></FL><FL val='Language'><![CDATA[]]></FL><FL val='SMOWNERID'><![CDATA[703224000000053001]]></FL><FL val='Lead Source'><![CDATA[Tradeshow]]></FL><FL val='TradeShows List'><![CDATA[2015 - 04 - Toy & Hobby - CHB]]></FL></row></Contacts>
[CHB ][07-Sep-2015] ---END OF File [Benjamin_Chen_09-07-2015_18-03-29.csv] ---
[CHB ][07-Sep-2015] ---END OF File [Benjamin_Chen_09-07-2015_18-03-29.csv] ---
[CHB ][07-Sep-2015] ---END OF File [Benjamin_Chen_09-07-2015_18-03-29.csv] ---


[CHB ][07-Sep-2015] ---END OF File [Benjamin_Chen_09-07-2015_18-03-29.csv] ---


[CHB ][07-Sep-2015] ---END OF File [Benjamin_Chen_09-07-2015_18-03-29.csv] ---


[CHB ][07-Sep-2015] ---END OF File [Benjamin_Chen_09-07-2015_18-03-29.csv] ---
[CHB ][07-Sep-2015] ---END OF File [Benjamin_Chen_09-07-2015_18-03-29.csv] ---
[CHB ][07-Sep-2015] ---END OF File [Benjamin_Chen_09-07-2015_18-03-29.csv] ---


[CHB ][07-Sep-2015] [(3) Benjamin_Chen_09-07-2015_18-03-29.csv] []   <?xml version='1.0' encoding='utf-8'?><Contacts><row no='1'><FL val='Qualification'><![CDATA[C3]]></FL><FL val='Industry'><![CDATA[Coal]]></FL><FL val='Mailing Mailing Country'><![CDATA[Canada]]></FL><FL val='Email'><![CDATA[123@fake.com]]></FL><FL val='Secondary Email'><![CDATA[]]></FL><FL val='First Name'><![CDATA[evonne]]></FL><FL val='Last Name'><![CDATA[li]]></FL><FL val='Company name'><![CDATA[AsiaInspection]]></FL><FL val='Description'><![CDATA[Talked to at show]]></FL><FL val='Title'><![CDATA[WebDev]]></FL><FL val='Phone'><![CDATA[12345678]]></FL><FL val='Mailing Mailing Country'><![CDATA[China]]></FL><FL val='Email Opt Out'><![CDATA[Yes]]></FL><FL val='Skype ID'><![CDATA[evonne.li]]></FL><FL val='Salutation'><![CDATA[Mr.]]></FL><FL val='Mailing Street'><![CDATA[123 Street]]></FL><FL val='Mailing City'><![CDATA[Shenzhen]]></FL><FL val='Mailing State'><![CDATA[CA]]></FL><FL val='Mailing Zip'><![CDATA[123654]]></FL><FL val='Language'><![CDATA[]]></FL><FL val='SMOWNERID'><![CDATA[703224000000053001]]></FL><FL val='Lead Source'><![CDATA[Tradeshow]]></FL><FL val='TradeShows List'><![CDATA[2015 - 04 - Toy & Hobby - CHB]]></FL></row><row no='2'><FL val='Qualification'><![CDATA[C3]]></FL><FL val='Industry'><![CDATA[Coal2]]></FL><FL val='Mailing Mailing Country'><![CDATA[HK]]></FL><FL val='Email'><![CDATA[1234@fake.com]]></FL><FL val='Secondary Email'><![CDATA[]]></FL><FL val='First Name'><![CDATA[evonne]]></FL><FL val='Last Name'><![CDATA[li]]></FL><FL val='Company name'><![CDATA[AsiaInspection]]></FL><FL val='Description'><![CDATA[Talked to at show]]></FL><FL val='Title'><![CDATA[WebDev]]></FL><FL val='Phone'><![CDATA[12345678]]></FL><FL val='Mailing Mailing Country'><![CDATA[China]]></FL><FL val='Email Opt Out'><![CDATA[Yes]]></FL><FL val='Skype ID'><![CDATA[evonne.li]]></FL><FL val='Salutation'><![CDATA[Mr.]]></FL><FL val='Mailing Street'><![CDATA[123 Street]]></FL><FL val='Mailing City'><![CDATA[Shenzhen]]></FL><FL val='Mailing State'><![CDATA[CA]]></FL><FL val='Mailing Zip'><![CDATA[123654]]></FL><FL val='Language'><![CDATA[]]></FL><FL val='SMOWNERID'><![CDATA[703224000000053001]]></FL><FL val='Lead Source'><![CDATA[Tradeshow]]></FL><FL val='TradeShows List'><![CDATA[2015 - 04 - Toy & Hobby - CHB]]></FL></row></Contacts>
[CHB ][07-Sep-2015] ---END OF File [Benjamin_Chen_09-07-2015_18-03-29.csv] ---
[AI ][17-Sep-2015] [(2) Michael_Mesarch_09-17-2015_14-57-24.csv] []   <?xml version='1.0' encoding='utf-8'?><Contacts><row no='1'><FL val='Qualification'><![CDATA[C3]]></FL><FL val='Service Type'><![CDATA[AI]]></FL><FL val='Industry'><![CDATA[Coal]]></FL><FL val='Service Type'><![CDATA[AI]]></FL><FL val='Mailing Country'><![CDATA[Hk]]></FL><FL val='Service Type'><![CDATA[AI]]></FL><FL val='Email'><![CDATA[123@fake.com]]></FL><FL val='Service Type'><![CDATA[AI]]></FL><FL val='Secondary Email'><![CDATA[]]></FL><FL val='Service Type'><![CDATA[AI]]></FL><FL val='First Name'><![CDATA[evonne]]></FL><FL val='Service Type'><![CDATA[AI]]></FL><FL val='Last Name'><![CDATA[li]]></FL><FL val='Service Type'><![CDATA[AI]]></FL><FL val='Account Name'><![CDATA[AsiaInspection]]></FL><FL val='Service Type'><![CDATA[AI]]></FL><FL val='Description'><![CDATA[Talked to at show]]></FL><FL val='Service Type'><![CDATA[AI]]></FL><FL val='Title'><![CDATA[WebDev]]></FL><FL val='Service Type'><![CDATA[AI]]></FL><FL val='Phone'><![CDATA[12345678]]></FL><FL val='Service Type'><![CDATA[AI]]></FL><FL val='Mailing Country'><![CDATA[China]]></FL><FL val='Service Type'><![CDATA[AI]]></FL><FL val='Email Opt Out'><![CDATA[Yes]]></FL><FL val='Service Type'><![CDATA[AI]]></FL><FL val='Skype ID'><![CDATA[evonne.li]]></FL><FL val='Service Type'><![CDATA[AI]]></FL><FL val='Salutation'><![CDATA[Mr.]]></FL><FL val='Service Type'><![CDATA[AI]]></FL><FL val='Mailing Street'><![CDATA[123 Street]]></FL><FL val='Service Type'><![CDATA[AI]]></FL><FL val='Mailing City'><![CDATA[Shenzhen]]></FL><FL val='Service Type'><![CDATA[AI]]></FL><FL val='Mailing State'><![CDATA[CA]]></FL><FL val='Service Type'><![CDATA[AI]]></FL><FL val='Mailing Zip'><![CDATA[123654]]></FL><FL val='Service Type'><![CDATA[AI]]></FL><FL val='Language'><![CDATA[]]></FL><FL val='Service Type'><![CDATA[AI]]></FL><FL val='SMOWNERID'><![CDATA[47253000002152023]]></FL><FL val='Service Type'><![CDATA[AI]]></FL><FL val='Lead Source'><![CDATA[Tradeshow]]></FL><FL val='Service Type'><![CDATA[AI]]></FL><FL val='TradeShows List'><![CDATA[2015 - 01 - Colombiatex]]></FL><FL val='Service Type'><![CDATA[AI]]></FL><FL val='Service Type'><![CDATA[AI]]></FL><FL val='Service Type'><![CDATA[AI]]></FL></row></Contacts>
[AI ][17-Sep-2015] ---END OF File [Michael_Mesarch_09-17-2015_14-57-24.csv] ---
[AI ][17-Sep-2015] [(2) Michael_Mesarch_09-17-2015_14-57-24.csv] []   <?xml version='1.0' encoding='utf-8'?><Contacts><row no='1'><FL val='Qualification'><![CDATA[C3]]></FL><FL val='Service Type'><![CDATA[AI]]></FL><FL val='Industry'><![CDATA[Coal]]></FL><FL val='Service Type'><![CDATA[AI]]></FL><FL val='Mailing Country'><![CDATA[Hk]]></FL><FL val='Service Type'><![CDATA[AI]]></FL><FL val='Email'><![CDATA[123@fake.com]]></FL><FL val='Service Type'><![CDATA[AI]]></FL><FL val='Secondary Email'><![CDATA[]]></FL><FL val='Service Type'><![CDATA[AI]]></FL><FL val='First Name'><![CDATA[evonne]]></FL><FL val='Service Type'><![CDATA[AI]]></FL><FL val='Last Name'><![CDATA[li]]></FL><FL val='Service Type'><![CDATA[AI]]></FL><FL val='Account Name'><![CDATA[AsiaInspection]]></FL><FL val='Service Type'><![CDATA[AI]]></FL><FL val='Description'><![CDATA[Talked to at show]]></FL><FL val='Service Type'><![CDATA[AI]]></FL><FL val='Title'><![CDATA[WebDev]]></FL><FL val='Service Type'><![CDATA[AI]]></FL><FL val='Phone'><![CDATA[12345678]]></FL><FL val='Service Type'><![CDATA[AI]]></FL><FL val='Mailing Country'><![CDATA[China]]></FL><FL val='Service Type'><![CDATA[AI]]></FL><FL val='Email Opt Out'><![CDATA[Yes]]></FL><FL val='Service Type'><![CDATA[AI]]></FL><FL val='Skype ID'><![CDATA[evonne.li]]></FL><FL val='Service Type'><![CDATA[AI]]></FL><FL val='Salutation'><![CDATA[Mr.]]></FL><FL val='Service Type'><![CDATA[AI]]></FL><FL val='Mailing Street'><![CDATA[123 Street]]></FL><FL val='Service Type'><![CDATA[AI]]></FL><FL val='Mailing City'><![CDATA[Shenzhen]]></FL><FL val='Service Type'><![CDATA[AI]]></FL><FL val='Mailing State'><![CDATA[CA]]></FL><FL val='Service Type'><![CDATA[AI]]></FL><FL val='Mailing Zip'><![CDATA[123654]]></FL><FL val='Service Type'><![CDATA[AI]]></FL><FL val='Language'><![CDATA[]]></FL><FL val='Service Type'><![CDATA[AI]]></FL><FL val='SMOWNERID'><![CDATA[47253000002152023]]></FL><FL val='Service Type'><![CDATA[AI]]></FL><FL val='Lead Source'><![CDATA[Tradeshow]]></FL><FL val='Service Type'><![CDATA[AI]]></FL><FL val='TradeShows List'><![CDATA[2015 - 01 - Colombiatex]]></FL><FL val='Service Type'><![CDATA[AI]]></FL><FL val='Service Type'><![CDATA[AI]]></FL><FL val='Service Type'><![CDATA[AI]]></FL></row></Contacts>
[AI ][17-Sep-2015] ---END OF File [Michael_Mesarch_09-17-2015_14-57-24.csv] ---
 result is 
 result is 
 result is 
 result is 
 result is 
 result is Mandatory Field Missing : Last Name
 result is Mandatory Field Missing : Last Name
 result is Mandatory Field Missing : Last Name
 result is Mandatory Field Missing : Last Name
 result is 
 result is 
 result is 
 result is 
 result is 
 result is Mandatory Field Missing : Last Name
 result is Mandatory Field Missing : Last Name
 result is Mandatory Field Missing : Last Name
 result is Mandatory Field Missing : Last Name
 result is 
 result is 
 result is 
 result is 
 result is 
 result is Mandatory Field Missing : Last Name
 result is Mandatory Field Missing : Last Name
 result is Mandatory Field Missing : Last Name
 result is Mandatory Field Missing : Last Name
 result is 
 result is 
 result is 
 result is 
 result is 
 result is Mandatory Field Missing : Last Name
 result is Mandatory Field Missing : Last Name
 result is Mandatory Field Missing : Last Name
 result is Mandatory Field Missing : Last Name
 result is 
 result is 
 result is 
 result is 
 result is 
 result is Mandatory Field Missing : Last Name
 result is Mandatory Field Missing : Last Name
 result is Mandatory Field Missing : Last Name
 result is Mandatory Field Missing : Last Name
 result is 
 result is 
 result is 
 result is 
 result is 
 result is Mandatory Field Missing : Last Name
 result is Mandatory Field Missing : Last Name
 result is Mandatory Field Missing : Last Name
 result is Mandatory Field Missing : Last Name
